commit 593351c4ccf80ed9cc8ab3ea9534663921433d29
Author: rosendo <42633099+rosendolu@users.noreply.github.com>
Date:   Sun May 8 14:50:05 2022 +0800

    update

commit 0b175d49bccf992b7eb7972020e5bbf7a6c8f775
Author: rosendo <42633099+rosendolu@users.noreply.github.com>
Date:   Sun May 8 00:44:30 2022 +0800

    demo

commit 04ddd4b6b5d80cac270c9234b027ed13c2cc4cc0
Author: rosendo <42633099+rosendolu@users.noreply.github.com>
Date:   Sat May 7 11:58:57 2022 +0800

    udpate

commit fce20e5329f1d290c531dd5a01512d89b8485319
Author: rosendo <42633099+rosendolu@users.noreply.github.com>
Date:   Fri Apr 1 17:25:14 2022 +0800

    update

commit c7b7985415bf21e146df891a9963466c7bde15fe
Author: rosendo <42633099+rosendolu@users.noreply.github.com>
Date:   Sun Mar 20 14:37:10 2022 +0800

    setup
